TN:
SF:index.js
FN:4,(anonymous_0)
FNF:1
FNH:0
FNDA:0,(anonymous_0)
DA:1,0
DA:2,0
DA:4,0
DA:5,0
LF:4
LH:0
BRDA:2,0,0,0
BRDA:2,0,1,0
BRF:2
BRH:0
end_of_record
TN:
SF:knexfile.js
FNF:0
FNH:0
DA:2,2
DA:4,2
LF:2
LH:2
BRF:0
BRH:0
end_of_record
TN:
SF:server.js
FN:26,(anonymous_0)
FNF:1
FNH:0
FNDA:0,(anonymous_0)
DA:2,2
DA:3,2
DA:4,2
DA:5,2
DA:8,2
DA:9,2
DA:10,2
DA:13,2
DA:14,2
DA:16,2
DA:17,2
DA:18,2
DA:19,2
DA:22,2
DA:23,2
DA:24,2
DA:26,2
DA:27,0
DA:30,2
LF:19
LH:18
BRF:0
BRH:0
end_of_record
TN:
SF:okta\okta-model.js
FN:12,findUserByEmail
FN:17,addUser
FN:20,(anonymous_2)
FN:28,deleteUser
FN:33,findAllUsers
FN:37,updateUser
FNF:6
FNH:0
FNDA:0,findUserByEmail
FNDA:0,addUser
FNDA:0,(anonymous_2)
FNDA:0,deleteUser
FNDA:0,findAllUsers
FNDA:0,updateUser
DA:1,2
DA:3,2
DA:13,0
DA:18,0
DA:21,0
DA:23,0
DA:29,0
DA:34,0
DA:38,0
LF:9
LH:2
BRF:0
BRH:0
end_of_record
TN:
SF:okta\okta-router.js
FN:10,(anonymous_0)
FN:13,(anonymous_1)
FN:16,(anonymous_2)
FN:25,(anonymous_3)
FN:37,(anonymous_4)
FN:41,(anonymous_5)
FN:44,(anonymous_6)
FN:54,(anonymous_7)
FN:61,(anonymous_8)
FN:66,(anonymous_9)
FN:69,(anonymous_10)
FN:75,(anonymous_11)
FN:81,(anonymous_12)
FN:84,(anonymous_13)
FNF:14
FNH:0
FNDA:0,(anonymous_0)
FNDA:0,(anonymous_1)
FNDA:0,(anonymous_2)
FNDA:0,(anonymous_3)
FNDA:0,(anonymous_4)
FNDA:0,(anonymous_5)
FNDA:0,(anonymous_6)
FNDA:0,(anonymous_7)
FNDA:0,(anonymous_8)
FNDA:0,(anonymous_9)
FNDA:0,(anonymous_10)
FNDA:0,(anonymous_11)
FNDA:0,(anonymous_12)
FNDA:0,(anonymous_13)
DA:1,2
DA:2,2
DA:5,2
DA:6,2
DA:7,2
DA:10,2
DA:11,0
DA:14,0
DA:17,0
DA:25,2
DA:26,0
DA:27,0
DA:35,0
DA:38,0
DA:39,0
DA:42,0
DA:45,0
DA:46,0
DA:49,0
DA:55,0
DA:56,0
DA:61,2
DA:62,0
DA:64,0
DA:67,0
DA:70,0
DA:75,2
DA:76,0
DA:77,0
DA:79,0
DA:82,0
DA:85,0
DA:118,2
LF:33
LH:10
BRDA:38,0,0,0
BRDA:38,0,1,0
BRF:2
BRH:0
end_of_record
TN:
SF:okta\middleware\require_authentication.js
FN:15,(anonymous_0)
FN:28,(anonymous_1)
FN:32,(anonymous_2)
FNF:3
FNH:2
FNDA:11,(anonymous_0)
FNDA:0,(anonymous_1)
FNDA:10,(anonymous_2)
DA:1,2
DA:2,2
DA:4,2
DA:5,2
DA:7,2
DA:15,2
DA:16,11
DA:17,11
DA:19,11
DA:20,1
DA:23,10
DA:24,10
DA:26,10
DA:29,0
DA:30,0
DA:33,10
LF:16
LH:14
BRDA:16,0,0,11
BRDA:16,0,1,1
BRDA:19,1,0,1
BRDA:19,1,1,10
BRF:4
BRH:4
end_of_record
TN:
SF:onboarding\budget\budgetModel.js
FN:11,findAll
FN:16,findById
FN:22,add
FN:27,update
FN:33,remove
FNF:5
FNH:0
FNDA:0,findAll
FNDA:0,findById
FNDA:0,add
FNDA:0,update
FNDA:0,remove
DA:1,0
DA:3,0
DA:12,0
DA:17,0
DA:23,0
DA:28,0
DA:34,0
LF:7
LH:0
BRF:0
BRH:0
end_of_record
TN:
SF:onboarding\budget\budgetRouter.js
FNF:0
FNH:0
DA:1,0
DA:3,0
DA:5,0
DA:9,0
LF:4
LH:0
BRF:0
BRH:0
end_of_record
TN:
SF:onboarding\income\incomeModel.js
FN:3,addIncome
FN:6,(anonymous_1)
FN:12,findIncomeById
FNF:3
FNH:0
FNDA:0,addIncome
FNDA:0,(anonymous_1)
FNDA:0,findIncomeById
DA:1,2
DA:4,0
DA:7,0
DA:8,0
DA:13,0
DA:16,2
LF:6
LH:2
BRF:0
BRH:0
end_of_record
TN:
SF:onboarding\income\incomeRouter.js
FN:9,(anonymous_0)
FN:13,(anonymous_1)
FN:21,(anonymous_2)
FNF:3
FNH:0
FNDA:0,(anonymous_0)
FNDA:0,(anonymous_1)
FNDA:0,(anonymous_2)
DA:1,2
DA:2,2
DA:5,2
DA:6,2
DA:9,2
DA:10,0
DA:11,0
DA:12,0
DA:14,0
DA:15,0
DA:16,0
DA:18,0
DA:22,0
DA:26,2
LF:14
LH:6
BRDA:15,0,0,0
BRDA:15,0,1,0
BRF:2
BRH:0
end_of_record
TN:
SF:onboarding\income\validateIncome.js
FN:1,(anonymous_0)
FNF:1
FNH:0
FNDA:0,(anonymous_0)
DA:1,2
DA:2,0
DA:4,0
DA:5,0
DA:6,0
DA:7,0
DA:9,0
DA:13,2
LF:8
LH:2
BRDA:4,0,0,0
BRDA:4,0,1,0
BRDA:6,1,0,0
BRDA:6,1,1,0
BRF:4
BRH:0
end_of_record
